2010-11-08 12:13:01 -  - exec CUpdateClient::GetUpdatesList
2010-11-08 12:13:01 -  - exec CUpdateClient::CollectRequestData
2010-11-08 12:13:01 -  - LICENSE_KEY=X&lang=en&SUPD_VER=9.1.3&VERSION=9.5.0&TYPENC=F&SUPD_STS=1&SUPD_URS=0&SUPD_URSA=1&SUPD_DBS=MYSQL&XE=N&CLIENT_SITE=localhost&CANGZIP=Y&CLIENT_PHPVER=5.2.12&stable=Y&bitm_main=9.5.0&bitm_compression=9.0.0&bitm_fileman=9.5.1&bitm_iblock=9.5.0&bitm_perfmon=9.1.0&bitm_search=9.1.1&bitm_seo=9.5.0&bitm_sitecorporate=9.0.1&bitl_en=20070905&bith_en=
2010-11-08 12:13:01 -  - exec CUpdateClient::GetHTTPPage
2010-11-08 12:13:02 -  - TIME GetUpdatesList(request) 0.76 sec
2010-11-08 12:13:02 -  - exec CUpdateClient::ParseServerData
2015-11-30 10:24:20 -  - exec CUpdateClient::GetUpdatesList
2015-11-30 10:24:20 -  - exec CUpdateClient::CollectRequestData
2015-11-30 10:24:20 -  - LICENSE_KEY=X&lang=en&SUPD_VER=9.1.3&VERSION=9.5.0&TYPENC=F&SUPD_STS=1&SUPD_URS=0&SUPD_URSA=1&SUPD_DBS=MYSQL&XE=N&CLIENT_SITE=demo.dev&CANGZIP=Y&CLIENT_PHPVER=5.4.7&stable=Y&bitm_main=9.5.0&bitm_compression=9.0.0&bitm_fileman=9.5.1&bitm_iblock=9.5.0&bitm_perfmon=9.1.0&bitm_search=9.1.1&bitm_seo=9.5.0&bitm_sitecorporate=9.0.1&bitl_en=20070905&bith_en=
2015-11-30 10:24:20 -  - exec CUpdateClient::GetHTTPPage
2015-11-30 10:24:21 -  - TIME GetUpdatesList(request) 0.95 sec
2015-11-30 10:24:21 -  - exec CUpdateClient::ParseServerData
2015-11-30 10:25:18 -  - exec CUpdateClient::GetUpdatesList
2015-11-30 10:25:18 -  - exec CUpdateClient::CollectRequestData
2015-11-30 10:25:19 -  - LICENSE_KEY=X&lang=en&SUPD_VER=9.1.3&VERSION=9.5.0&TYPENC=F&SUPD_STS=1&SUPD_URS=0&SUPD_URSA=1&SUPD_DBS=MYSQL&XE=N&CLIENT_SITE=demo.dev&CANGZIP=Y&CLIENT_PHPVER=5.4.7&stable=Y&bitm_main=9.5.0&bitm_compression=9.0.0&bitm_fileman=9.5.1&bitm_iblock=9.5.0&bitm_perfmon=9.1.0&bitm_search=9.1.1&bitm_seo=9.5.0&bitm_sitecorporate=9.0.1&bitl_en=20070905&bith_en=
2015-11-30 10:25:19 -  - exec CUpdateClient::GetHTTPPage
2015-11-30 10:25:19 -  - TIME GetUpdatesList(request) 0.536 sec
2015-11-30 10:25:19 -  - exec CUpdateClient::ParseServerData
2015-11-30 10:26:04 -  - exec CUpdateClient::GetUpdatesList
2015-11-30 10:26:04 -  - exec CUpdateClient::CollectRequestData
2015-11-30 10:26:04 -  - LICENSE_KEY=X&lang=en&SUPD_VER=9.1.3&VERSION=9.5.0&TYPENC=F&SUPD_STS=1&SUPD_URS=0&SUPD_URSA=1&SUPD_DBS=MYSQL&XE=N&CLIENT_SITE=demo.dev&CANGZIP=Y&CLIENT_PHPVER=5.4.7&stable=Y&bitm_main=9.5.0&bitm_compression=9.0.0&bitm_fileman=9.5.1&bitm_iblock=9.5.0&bitm_perfmon=9.1.0&bitm_search=9.1.1&bitm_seo=9.5.0&bitm_sitecorporate=9.0.1&bitl_en=20070905&bith_en=
2015-11-30 10:26:04 -  - exec CUpdateClient::GetHTTPPage
2015-11-30 10:26:05 -  - TIME GetUpdatesList(request) 0.663 sec
2015-11-30 10:26:05 -  - exec CUpdateClient::ParseServerData
2015-11-30 10:26:42 -  - exec CUpdateClient::GetUpdatesList
2015-11-30 10:26:42 -  - exec CUpdateClient::CollectRequestData
2015-11-30 10:26:42 -  - LICENSE_KEY=X&lang=en&SUPD_VER=9.1.3&VERSION=9.5.0&TYPENC=F&SUPD_STS=1&SUPD_URS=0&SUPD_URSA=1&SUPD_DBS=MYSQL&XE=N&CLIENT_SITE=demo.dev&CANGZIP=Y&CLIENT_PHPVER=5.4.7&stable=Y&bitm_main=9.5.0&bitm_compression=9.0.0&bitm_fileman=9.5.1&bitm_iblock=9.5.0&bitm_perfmon=9.1.0&bitm_search=9.1.1&bitm_seo=9.5.0&bitm_sitecorporate=9.0.1&bitl_en=20070905&bith_en=
2015-11-30 10:26:42 -  - exec CUpdateClient::GetHTTPPage
2015-11-30 10:26:42 -  - TIME GetUpdatesList(request) 0.657 sec
2015-11-30 10:26:42 -  - exec CUpdateClient::ParseServerData
2015-11-30 10:29:14 -  - exec CUpdateClient::GetUpdatesList
2015-11-30 10:29:14 -  - exec CUpdateClient::CollectRequestData
2015-11-30 10:29:14 -  - LICENSE_KEY=X&lang=en&SUPD_VER=9.1.3&VERSION=9.5.0&TYPENC=F&SUPD_STS=1&SUPD_URS=0&SUPD_URSA=1&SUPD_DBS=MYSQL&XE=N&CLIENT_SITE=demo.dev&CANGZIP=Y&CLIENT_PHPVER=5.4.7&stable=Y&bitm_main=9.5.0&bitm_compression=9.0.0&bitm_fileman=9.5.1&bitm_iblock=9.5.0&bitm_perfmon=9.1.0&bitm_search=9.1.1&bitm_seo=9.5.0&bitm_sitecorporate=9.0.1&bitl_en=20070905&bith_en=
2015-11-30 10:29:14 -  - exec CUpdateClient::GetHTTPPage
2015-11-30 10:29:15 -  - TIME GetUpdatesList(request) 0.918 sec
2015-11-30 10:29:15 -  - exec CUpdateClient::ParseServerData
2015-11-30 10:31:15 -  - exec CUpdateClient::GetUpdatesList
2015-11-30 10:31:15 -  - exec CUpdateClient::CollectRequestData
2015-11-30 10:31:15 -  - LICENSE_KEY=X&lang=en&SUPD_VER=9.1.3&VERSION=SM_VERSION&TYPENC=F&SUPD_STS=1&SUPD_URS=0&SUPD_URSA=1&SUPD_DBS=MYSQL&XE=N&CLIENT_SITE=demo.dev&CANGZIP=Y&CLIENT_PHPVER=5.4.7&stable=Y&bitm_main=9.5.0&bitm_compression=9.0.0&bitm_fileman=9.5.1&bitm_iblock=9.5.0&bitm_perfmon=9.1.0&bitm_search=9.1.1&bitm_seo=9.5.0&bitm_sitecorporate=9.0.1&bitl_en=20070905&bith_en=
2015-11-30 10:31:15 -  - exec CUpdateClient::GetHTTPPage
2015-11-30 10:31:15 -  - TIME GetUpdatesList(request) 0.802 sec
2015-11-30 10:31:15 -  - exec CUpdateClient::ParseServerData
2015-11-30 10:32:10 -  - exec CUpdateClient::GetUpdatesList
2015-11-30 10:32:10 -  - exec CUpdateClient::CollectRequestData
2015-11-30 10:32:10 -  - LICENSE_KEY=X&lang=en&SUPD_VER=9.1.3&VERSION=SM_VERSION&TYPENC=F&SUPD_STS=1&SUPD_URS=0&SUPD_URSA=1&SUPD_DBS=MYSQL&XE=N&CLIENT_SITE=demo.dev&CANGZIP=Y&CLIENT_PHPVER=5.4.7&stable=Y&bitm_main=9.5.0&bitm_compression=9.0.0&bitm_fileman=9.5.1&bitm_iblock=9.5.0&bitm_perfmon=9.1.0&bitm_search=9.1.1&bitm_seo=9.5.0&bitm_sitecorporate=9.0.1&bitl_en=20070905&bith_en=
2015-11-30 10:32:10 -  - exec CUpdateClient::GetHTTPPage
2015-11-30 10:32:11 -  - TIME GetUpdatesList(request) 0.722 sec
2015-11-30 10:32:11 -  - exec CUpdateClient::ParseServerData
2015-11-30 10:32:18 -  - exec CUpdateClient::GetUpdatesList
2015-11-30 10:32:18 -  - exec CUpdateClient::CollectRequestData
2015-11-30 10:32:18 -  - LICENSE_KEY=X&lang=en&SUPD_VER=9.1.3&VERSION=SM_VERSION&TYPENC=F&SUPD_STS=1&SUPD_URS=0&SUPD_URSA=1&SUPD_DBS=MYSQL&XE=N&CLIENT_SITE=demo.dev&CANGZIP=Y&CLIENT_PHPVER=5.4.7&stable=Y&bitm_main=9.5.0&bitm_compression=9.0.0&bitm_fileman=9.5.1&bitm_iblock=9.5.0&bitm_perfmon=9.1.0&bitm_search=9.1.1&bitm_seo=9.5.0&bitm_sitecorporate=9.0.1&bitl_en=20070905&bith_en=
2015-11-30 10:32:18 -  - exec CUpdateClient::GetHTTPPage
2015-11-30 10:32:19 -  - TIME GetUpdatesList(request) 0.751 sec
2015-11-30 10:32:19 -  - exec CUpdateClient::ParseServerData
2015-11-30 10:33:17 -  - exec CUpdateClient::GetUpdatesList
2015-11-30 10:33:17 -  - exec CUpdateClient::CollectRequestData
2015-11-30 10:33:17 -  - LICENSE_KEY=X&lang=en&SUPD_VER=9.1.3&VERSION=SM_VERSION&TYPENC=F&SUPD_STS=1&SUPD_URS=0&SUPD_URSA=1&SUPD_DBS=MYSQL&XE=N&CLIENT_SITE=demo.dev&CANGZIP=Y&CLIENT_PHPVER=5.4.7&stable=Y&bitm_main=9.5.0&bitm_compression=9.0.0&bitm_fileman=9.5.1&bitm_iblock=9.5.0&bitm_perfmon=9.1.0&bitm_search=9.1.1&bitm_seo=9.5.0&bitm_sitecorporate=9.0.1&bitl_en=20070905&bith_en=
2015-11-30 10:33:17 -  - exec CUpdateClient::GetHTTPPage
2015-11-30 10:33:17 -  - TIME GetUpdatesList(request) 0.789 sec
2015-11-30 10:33:17 -  - exec CUpdateClient::ParseServerData
2015-11-30 10:34:31 -  - exec CUpdateClient::GetUpdatesList
2015-11-30 10:34:31 -  - exec CUpdateClient::CollectRequestData
2015-11-30 10:34:31 -  - LICENSE_KEY=X&lang=en&SUPD_VER=9.1.3&VERSION=SM_VERSION&TYPENC=F&SUPD_STS=1&SUPD_URS=0&SUPD_URSA=1&SUPD_DBS=MYSQL&XE=N&CLIENT_SITE=demo.dev&CANGZIP=Y&CLIENT_PHPVER=5.4.7&stable=Y&bitm_main=9.5.0&bitm_compression=9.0.0&bitm_fileman=9.5.1&bitm_iblock=9.5.0&bitm_perfmon=9.1.0&bitm_search=9.1.1&bitm_seo=9.5.0&bitm_sitecorporate=9.0.1&bitl_en=20070905&bith_en=
2015-11-30 10:34:31 -  - exec CUpdateClient::GetHTTPPage
2015-11-30 10:34:32 -  - TIME GetUpdatesList(request) 0.53 sec
2015-11-30 10:34:32 -  - exec CUpdateClient::ParseServerData
2015-11-30 10:34:41 -  - exec CUpdateClient::GetUpdatesList
2015-11-30 10:34:41 -  - exec CUpdateClient::CollectRequestData
2015-11-30 10:34:41 -  - LICENSE_KEY=X&lang=en&SUPD_VER=9.1.3&VERSION=SM_VERSION&TYPENC=F&SUPD_STS=1&SUPD_URS=0&SUPD_URSA=1&SUPD_DBS=MYSQL&XE=N&CLIENT_SITE=demo.dev&CANGZIP=Y&CLIENT_PHPVER=5.4.7&stable=Y&bitm_main=9.5.0&bitm_compression=9.0.0&bitm_fileman=9.5.1&bitm_iblock=9.5.0&bitm_perfmon=9.1.0&bitm_search=9.1.1&bitm_seo=9.5.0&bitm_sitecorporate=9.0.1&bitl_en=20070905&bith_en=
2015-11-30 10:34:41 -  - exec CUpdateClient::GetHTTPPage
2015-11-30 10:34:41 -  - TIME GetUpdatesList(request) 0.587 sec
2015-11-30 10:34:41 -  - exec CUpdateClient::ParseServerData
2015-11-30 10:34:55 -  - exec CUpdateClient::GetUpdatesList
2015-11-30 10:34:55 -  - exec CUpdateClient::CollectRequestData
2015-11-30 10:34:55 -  - LICENSE_KEY=X&lang=en&SUPD_VER=9.1.3&VERSION=SM_VERSION&TYPENC=F&SUPD_STS=1&SUPD_URS=0&SUPD_URSA=1&SUPD_DBS=MYSQL&XE=N&CLIENT_SITE=demo.dev&CANGZIP=Y&CLIENT_PHPVER=5.4.7&stable=Y&bitm_main=9.5.0&bitm_compression=9.0.0&bitm_fileman=9.5.1&bitm_iblock=9.5.0&bitm_perfmon=9.1.0&bitm_search=9.1.1&bitm_seo=9.5.0&bitm_sitecorporate=9.0.1&bitl_en=20070905&bith_en=
2015-11-30 10:34:55 -  - exec CUpdateClient::GetHTTPPage
2015-11-30 10:34:56 -  - TIME GetUpdatesList(request) 0.599 sec
2015-11-30 10:34:56 -  - exec CUpdateClient::ParseServerData
2015-11-30 10:35:03 -  - exec CUpdateClient::GetUpdatesList
2015-11-30 10:35:03 -  - exec CUpdateClient::CollectRequestData
2015-11-30 10:35:03 -  - LICENSE_KEY=X&lang=en&SUPD_VER=9.1.3&VERSION=SM_VERSION&TYPENC=F&SUPD_STS=1&SUPD_URS=0&SUPD_URSA=1&SUPD_DBS=MYSQL&XE=N&CLIENT_SITE=demo.dev&CANGZIP=Y&CLIENT_PHPVER=5.4.7&stable=Y&bitm_main=9.5.0&bitm_compression=9.0.0&bitm_fileman=9.5.1&bitm_iblock=9.5.0&bitm_perfmon=9.1.0&bitm_search=9.1.1&bitm_seo=9.5.0&bitm_sitecorporate=9.0.1&bitl_en=20070905&bith_en=
2015-11-30 10:35:03 -  - exec CUpdateClient::GetHTTPPage
2015-11-30 10:35:04 -  - TIME GetUpdatesList(request) 0.688 sec
2015-11-30 10:35:04 -  - exec CUpdateClient::ParseServerData
2015-11-30 10:35:12 -  - exec CUpdateClient::GetUpdatesList
2015-11-30 10:35:12 -  - exec CUpdateClient::CollectRequestData
2015-11-30 10:35:12 -  - LICENSE_KEY=X&lang=en&SUPD_VER=9.1.3&VERSION=SM_VERSION&TYPENC=F&SUPD_STS=1&SUPD_URS=0&SUPD_URSA=1&SUPD_DBS=MYSQL&XE=N&CLIENT_SITE=demo.dev&CANGZIP=Y&CLIENT_PHPVER=5.4.7&stable=Y&bitm_main=9.5.0&bitm_compression=9.0.0&bitm_fileman=9.5.1&bitm_iblock=9.5.0&bitm_perfmon=9.1.0&bitm_search=9.1.1&bitm_seo=9.5.0&bitm_sitecorporate=9.0.1&bitl_en=20070905&bith_en=
2015-11-30 10:35:12 -  - exec CUpdateClient::GetHTTPPage
2015-11-30 10:35:12 -  - TIME GetUpdatesList(request) 0.642 sec
2015-11-30 10:35:12 -  - exec CUpdateClient::ParseServerData
2015-11-30 10:37:35 -  - exec CUpdateClient::GetUpdatesList
2015-11-30 10:37:35 -  - exec CUpdateClient::CollectRequestData
2015-11-30 10:37:35 -  - LICENSE_KEY=X&lang=en&SUPD_VER=9.1.3&VERSION=SM_VERSION&TYPENC=F&SUPD_STS=1&SUPD_URS=0&SUPD_URSA=1&SUPD_DBS=MYSQL&XE=N&CLIENT_SITE=demo.dev&CANGZIP=Y&CLIENT_PHPVER=5.4.7&stable=Y&bitm_main=9.5.0&bitm_compression=9.0.0&bitm_fileman=9.5.1&bitm_iblock=9.5.0&bitm_perfmon=9.1.0&bitm_search=9.1.1&bitm_seo=9.5.0&bitm_sitecorporate=9.0.1&bitl_en=20070905&bith_en=
2015-11-30 10:37:35 -  - exec CUpdateClient::GetHTTPPage
2015-11-30 10:37:35 -  - TIME GetUpdatesList(request) 0.546 sec
2015-11-30 10:37:35 -  - exec CUpdateClient::ParseServerData
